2020-04-09 20:24:49.155 INFO  --- [StartupInfoLogger.java:50][restartedMain] - Starting MyApplication on wei-PC with PID 15452 (started by wei in C:\毕业设计\毕业设计代码\house_rental_management_system\back)
2020-04-09 20:24:49.287 INFO  --- [SpringApplication.java:675][restartedMain] - No active profile set, falling back to default profiles: default
2020-04-09 20:24:56.918 INFO  --- [StartupInfoLogger.java:59][restartedMain] - Started MyApplication in 9.458 seconds (JVM running for 18.442)
2020-04-09 20:44:55.719 INFO  --- [HikariDataSource.java:110][http-nio-8080-exec-4] - HikariPool-1 - Starting...
2020-04-09 20:44:57.308 INFO  --- [HikariDataSource.java:123][http-nio-8080-exec-4] - HikariPool-1 - Start completed.
2020-04-09 20:44:57.319 DEBUG --- [BaseJdbcLogger.java:159][http-nio-8080-exec-4] - ==>  Preparing: SELECT u.id userId, u.username username, u.password password, u.nickname nickName FROM sys_user u WHERE u.username = ? AND u.password = ? AND u.edit_flag = '1' 
2020-04-09 20:44:57.381 DEBUG --- [BaseJdbcLogger.java:159][http-nio-8080-exec-4] - ==> Parameters: admin(String), 123456(String)
2020-04-09 20:44:57.450 DEBUG --- [BaseJdbcLogger.java:159][http-nio-8080-exec-4] - <==      Total: 1
2020-04-09 20:44:57.653 DEBUG --- [BaseJdbcLogger.java:159][http-nio-8080-exec-5] - ==>  Preparing: SELECT u.id userId, u.nickname nickname, u.role_id roleId, r.role_name roleName, p.menu_code menuCode, p.permission_code permissionCode FROM sys_user u LEFT JOIN sys_role r ON r.id = u.role_id LEFT JOIN sys_role_permission rp ON u.role_id = rp.role_id LEFT JOIN sys_permission p ON rp.permission_id = p.id AND rp.edit_flag = '1' WHERE u.username = ? AND u.edit_flag = '1' 
2020-04-09 20:44:57.654 DEBUG --- [BaseJdbcLogger.java:159][http-nio-8080-exec-5] - ==> Parameters: admin(String)
2020-04-09 20:44:57.689 DEBUG --- [BaseJdbcLogger.java:159][http-nio-8080-exec-5] - <==      Total: 1
2020-04-09 20:44:57.741 DEBUG --- [BaseJdbcLogger.java:159][http-nio-8080-exec-5] - ==>  Preparing: SELECT p.menu_code menuCode FROM sys_permission p ORDER BY p.id 
2020-04-09 20:44:57.742 DEBUG --- [BaseJdbcLogger.java:159][http-nio-8080-exec-5] - ==> Parameters: 
2020-04-09 20:44:57.774 DEBUG --- [BaseJdbcLogger.java:159][http-nio-8080-exec-5] - <==      Total: 10
2020-04-09 20:44:57.776 DEBUG --- [BaseJdbcLogger.java:159][http-nio-8080-exec-5] - ==>  Preparing: SELECT p.permission_code permissionCode FROM sys_permission p ORDER BY p.id 
2020-04-09 20:44:57.776 DEBUG --- [BaseJdbcLogger.java:159][http-nio-8080-exec-5] - ==> Parameters: 
2020-04-09 20:44:57.810 DEBUG --- [BaseJdbcLogger.java:159][http-nio-8080-exec-5] - <==      Total: 10
2020-04-09 21:35:27.829 WARN  --- [PoolBase.java:176][http-nio-8080-exec-8] - HikariPool-1 - Failed to validate connection com.mysql.cj.jdbc.ConnectionImpl@67020213 (No operations allowed after connection closed.). Possibly consider using a shorter maxLifetime value.
2020-04-09 21:35:32.911 WARN  --- [PoolBase.java:176][http-nio-8080-exec-8] - HikariPool-1 - Failed to validate connection com.mysql.cj.jdbc.ConnectionImpl@4175dfc4 (No operations allowed after connection closed.). Possibly consider using a shorter maxLifetime value.
2020-04-09 21:35:37.935 WARN  --- [PoolBase.java:176][http-nio-8080-exec-8] - HikariPool-1 - Failed to validate connection com.mysql.cj.jdbc.ConnectionImpl@152ae754 (No operations allowed after connection closed.). Possibly consider using a shorter maxLifetime value.
2020-04-09 21:35:42.943 WARN  --- [PoolBase.java:176][http-nio-8080-exec-8] - HikariPool-1 - Failed to validate connection com.mysql.cj.jdbc.ConnectionImpl@18a27c7b (No operations allowed after connection closed.). Possibly consider using a shorter maxLifetime value.
2020-04-09 21:35:47.188 WARN  --- [PoolBase.java:176][http-nio-8080-exec-2] - HikariPool-1 - Failed to validate connection com.mysql.cj.jdbc.ConnectionImpl@5de19f4b (No operations allowed after connection closed.). Possibly consider using a shorter maxLifetime value.
2020-04-09 21:35:47.986 WARN  --- [PoolBase.java:176][http-nio-8080-exec-8] - HikariPool-1 - Failed to validate connection com.mysql.cj.jdbc.ConnectionImpl@1e8ff38 (No operations allowed after connection closed.). Possibly consider using a shorter maxLifetime value.
2020-04-09 21:35:52.203 WARN  --- [PoolBase.java:176][http-nio-8080-exec-2] - HikariPool-1 - Failed to validate connection com.mysql.cj.jdbc.ConnectionImpl@59de102f (No operations allowed after connection closed.). Possibly consider using a shorter maxLifetime value.
2020-04-09 21:35:52.994 WARN  --- [PoolBase.java:176][http-nio-8080-exec-8] - HikariPool-1 - Failed to validate connection com.mysql.cj.jdbc.ConnectionImpl@43bab816 (No operations allowed after connection closed.). Possibly consider using a shorter maxLifetime value.
2020-04-09 21:35:53.534 WARN  --- [AbstractAuthenticator.java:216][http-nio-8080-exec-8] - Authentication failed for token submission [org.apache.shiro.authc.UsernamePasswordToken - admin, rememberMe=false].  Possible unexpected error? (Typical or expected login exceptions should extend from AuthenticationException).
org.mybatis.spring.MyBatisSystemException: nested exception is org.apache.ibatis.exceptions.PersistenceException: 
### Error querying database.  Cause: org.springframework.jdbc.CannotGetJdbcConnectionException: Failed to obtain JDBC Connection; nested exception is java.sql.SQLTransientConnectionException: HikariPool-1 - Connection is not available, request timed out after 30450ms.
### The error may exist in file [C:\毕业设计\毕业设计代码\house_rental_management_system\back\target\classes\mapper\LoginMapper.xml]
### The error may involve com.heeexy.example.dao.LoginDao.getUser
### The error occurred while executing a query
### Cause: org.springframework.jdbc.CannotGetJdbcConnectionException: Failed to obtain JDBC Connection; nested exception is java.sql.SQLTransientConnectionException: HikariPool-1 - Connection is not available, request timed out after 30450ms.
	at org.mybatis.spring.MyBatisExceptionTranslator.translateExceptionIfPossible(MyBatisExceptionTranslator.java:77)
	at org.mybatis.spring.SqlSessionTemplate$SqlSessionInterceptor.invoke(SqlSessionTemplate.java:446)
	at com.sun.proxy.$Proxy55.selectOne(Unknown Source)
	at org.mybatis.spring.SqlSessionTemplate.selectOne(SqlSessionTemplate.java:166)
	at org.apache.ibatis.binding.MapperMethod.execute(MapperMethod.java:83)
	at org.apache.ibatis.binding.MapperProxy.invoke(MapperProxy.java:59)
	at com.sun.proxy.$Proxy56.getUser(Unknown Source)
	at com.heeexy.example.service.impl.LoginServiceImpl.getUser(LoginServiceImpl.java:54)
	at com.heeexy.example.config.shiro.UserRealm.doGetAuthenticationInfo(UserRealm.java:53)
	at org.apache.shiro.realm.AuthenticatingRealm.getAuthenticationInfo(AuthenticatingRealm.java:571)
	at org.apache.shiro.authc.pam.ModularRealmAuthenticator.doSingleRealmAuthentication(ModularRealmAuthenticator.java:180)
	at org.apache.shiro.authc.pam.ModularRealmAuthenticator.doAuthenticate(ModularRealmAuthenticator.java:267)
	at org.apache.shiro.authc.AbstractAuthenticator.authenticate(AbstractAuthenticator.java:198)
	at org.apache.shiro.mgt.AuthenticatingSecurityManager.authenticate(AuthenticatingSecurityManager.java:106)
	at org.apache.shiro.mgt.DefaultSecurityManager.login(DefaultSecurityManager.java:274)
	at org.apache.shiro.subject.support.DelegatingSubject.login(DelegatingSubject.java:260)
	at com.heeexy.example.service.impl.LoginServiceImpl.authLogin(LoginServiceImpl.java:41)
	at com.heeexy.example.controller.LoginController.authLogin(LoginController.java:30)
	at sun.reflect.NativeMethodAccessorImpl.invoke0(Native Method)
	at sun.reflect.NativeMethodAccessorImpl.invoke(NativeMethodAccessorImpl.java:62)
	at sun.reflect.DelegatingMethodAccessorImpl.invoke(DelegatingMethodAccessorImpl.java:43)
	at java.lang.reflect.Method.invoke(Method.java:498)
	at org.springframework.web.method.support.InvocableHandlerMethod.doInvoke(InvocableHandlerMethod.java:215)
	at org.springframework.web.method.support.InvocableHandlerMethod.invokeForRequest(InvocableHandlerMethod.java:142)
	at org.springframework.web.servlet.mvc.method.annotation.ServletInvocableHandlerMethod.invokeAndHandle(ServletInvocableHandlerMethod.java:102)
	at org.springframework.web.servlet.mvc.method.annotation.RequestMappingHandlerAdapter.invokeHandlerMethod(RequestMappingHandlerAdapter.java:895)
	at org.springframework.web.servlet.mvc.method.annotation.RequestMappingHandlerAdapter.handleInternal(RequestMappingHandlerAdapter.java:800)
	at org.springframework.web.servlet.mvc.method.AbstractHandlerMethodAdapter.handle(AbstractHandlerMethodAdapter.java:87)
	at org.springframework.web.servlet.DispatcherServlet.doDispatch(DispatcherServlet.java:1038)
	at org.springframework.web.servlet.DispatcherServlet.doService(DispatcherServlet.java:942)
	at org.springframework.web.servlet.FrameworkServlet.processRequest(FrameworkServlet.java:998)
	at org.springframework.web.servlet.FrameworkServlet.doPost(FrameworkServlet.java:901)
	at javax.servlet.http.HttpServlet.service(HttpServlet.java:660)
	at org.springframework.web.servlet.FrameworkServlet.service(FrameworkServlet.java:875)
	at javax.servlet.http.HttpServlet.service(HttpServlet.java:741)
	at org.apache.catalina.core.ApplicationFilterChain.internalDoFilter(ApplicationFilterChain.java:231)
	at org.apache.catalina.core.ApplicationFilterChain.doFilter(ApplicationFilterChain.java:166)
	at org.apache.tomcat.websocket.server.WsFilter.doFilter(WsFilter.java:53)
	at org.apache.catalina.core.ApplicationFilterChain.internalDoFilter(ApplicationFilterChain.java:193)
	at org.apache.catalina.core.ApplicationFilterChain.doFilter(ApplicationFilterChain.java:166)
	at org.apache.shiro.web.servlet.ProxiedFilterChain.doFilter(ProxiedFilterChain.java:61)
	at org.apache.shiro.web.servlet.AdviceFilter.executeChain(AdviceFilter.java:108)
	at org.apache.shiro.web.servlet.AdviceFilter.doFilterInternal(AdviceFilter.java:137)
	at org.apache.shiro.web.servlet.OncePerRequestFilter.doFilter(OncePerRequestFilter.java:125)
	at org.apache.shiro.web.servlet.ProxiedFilterChain.doFilter(ProxiedFilterChain.java:66)
	at org.apache.shiro.web.servlet.AbstractShiroFilter.executeChain(AbstractShiroFilter.java:449)
	at org.apache.shiro.web.servlet.AbstractShiroFilter$1.call(AbstractShiroFilter.java:365)
	at org.apache.shiro.subject.support.SubjectCallable.doCall(SubjectCallable.java:90)
	at org.apache.shiro.subject.support.SubjectCallable.call(SubjectCallable.java:83)
	at org.apache.shiro.subject.support.DelegatingSubject.execute(DelegatingSubject.java:387)
	at org.apache.shiro.web.servlet.AbstractShiroFilter.doFilterInternal(AbstractShiroFilter.java:362)
	at org.apache.shiro.web.servlet.OncePerRequestFilter.doFilter(OncePerRequestFilter.java:125)
	at org.apache.catalina.core.ApplicationFilterChain.internalDoFilter(ApplicationFilterChain.java:193)
	at org.apache.catalina.core.ApplicationFilterChain.doFilter(ApplicationFilterChain.java:166)
	at org.springframework.web.filter.RequestContextFilter.doFilterInternal(RequestContextFilter.java:99)
	at org.springframework.web.filter.OncePerRequestFilter.doFilter(OncePerRequestFilter.java:107)
	at org.apache.catalina.core.ApplicationFilterChain.internalDoFilter(ApplicationFilterChain.java:193)
	at org.apache.catalina.core.ApplicationFilterChain.doFilter(ApplicationFilterChain.java:166)
	at org.springframework.web.filter.FormContentFilter.doFilterInternal(FormContentFilter.java:92)
	at org.springframework.web.filter.OncePerRequestFilter.doFilter(OncePerRequestFilter.java:107)
	at org.apache.catalina.core.ApplicationFilterChain.internalDoFilter(ApplicationFilterChain.java:193)
	at org.apache.catalina.core.ApplicationFilterChain.doFilter(ApplicationFilterChain.java:166)
	at org.springframework.web.filter.HiddenHttpMethodFilter.doFilterInternal(HiddenHttpMethodFilter.java:93)
	at org.springframework.web.filter.OncePerRequestFilter.doFilter(OncePerRequestFilter.java:107)
	at org.apache.catalina.core.ApplicationFilterChain.internalDoFilter(ApplicationFilterChain.java:193)
	at org.apache.catalina.core.ApplicationFilterChain.doFilter(ApplicationFilterChain.java:166)
	at org.springframework.web.filter.CharacterEncodingFilter.doFilterInternal(CharacterEncodingFilter.java:200)
	at org.springframework.web.filter.OncePerRequestFilter.doFilter(OncePerRequestFilter.java:107)
	at org.apache.catalina.core.ApplicationFilterChain.internalDoFilter(ApplicationFilterChain.java:193)
	at org.apache.catalina.core.ApplicationFilterChain.doFilter(ApplicationFilterChain.java:166)
	at org.apache.catalina.core.StandardWrapperValve.invoke(StandardWrapperValve.java:199)
	at org.apache.catalina.core.StandardContextValve.invoke(StandardContextValve.java:96)
	at org.apache.catalina.authenticator.AuthenticatorBase.invoke(AuthenticatorBase.java:490)
	at org.apache.catalina.core.StandardHostValve.invoke(StandardHostValve.java:139)
	at org.apache.catalina.valves.ErrorReportValve.invoke(ErrorReportValve.java:92)
	at org.apache.catalina.core.StandardEngineValve.invoke(StandardEngineValve.java:74)
	at org.apache.catalina.connector.CoyoteAdapter.service(CoyoteAdapter.java:343)
	at org.apache.coyote.http11.Http11Processor.service(Http11Processor.java:408)
	at org.apache.coyote.AbstractProcessorLight.process(AbstractProcessorLight.java:66)
	at org.apache.coyote.AbstractProtocol$ConnectionHandler.process(AbstractProtocol.java:770)
	at org.apache.tomcat.util.net.NioEndpoint$SocketProcessor.doRun(NioEndpoint.java:1415)
	at org.apache.tomcat.util.net.SocketProcessorBase.run(SocketProcessorBase.java:49)
	at java.util.concurrent.ThreadPoolExecutor.runWorker(ThreadPoolExecutor.java:1149)
	at java.util.concurrent.ThreadPoolExecutor$Worker.run(ThreadPoolExecutor.java:624)
	at org.apache.tomcat.util.threads.TaskThread$WrappingRunnable.run(TaskThread.java:61)
	at java.lang.Thread.run(Thread.java:748)
Caused by: org.apache.ibatis.exceptions.PersistenceException: 
### Error querying database.  Cause: org.springframework.jdbc.CannotGetJdbcConnectionException: Failed to obtain JDBC Connection; nested exception is java.sql.SQLTransientConnectionException: HikariPool-1 - Connection is not available, request timed out after 30450ms.
### The error may exist in file [C:\毕业设计\毕业设计代码\house_rental_management_system\back\target\classes\mapper\LoginMapper.xml]
### The error may involve com.heeexy.example.dao.LoginDao.getUser
### The error occurred while executing a query
### Cause: org.springframework.jdbc.CannotGetJdbcConnectionException: Failed to obtain JDBC Connection; nested exception is java.sql.SQLTransientConnectionException: HikariPool-1 - Connection is not available, request timed out after 30450ms.
	at org.apache.ibatis.exceptions.ExceptionFactory.wrapException(ExceptionFactory.java:30)
	at org.apache.ibatis.session.defaults.DefaultSqlSession.selectList(DefaultSqlSession.java:150)
	at org.apache.ibatis.session.defaults.DefaultSqlSession.selectList(DefaultSqlSession.java:141)
	at org.apache.ibatis.session.defaults.DefaultSqlSession.selectOne(DefaultSqlSession.java:77)
	at sun.reflect.NativeMethodAccessorImpl.invoke0(Native Method)
	at sun.reflect.NativeMethodAccessorImpl.invoke(NativeMethodAccessorImpl.java:62)
	at sun.reflect.DelegatingMethodAccessorImpl.invoke(DelegatingMethodAccessorImpl.java:43)
	at java.lang.reflect.Method.invoke(Method.java:498)
	at org.mybatis.spring.SqlSessionTemplate$SqlSessionInterceptor.invoke(SqlSessionTemplate.java:433)
	... 84 common frames omitted
Caused by: org.springframework.jdbc.CannotGetJdbcConnectionException: Failed to obtain JDBC Connection; nested exception is java.sql.SQLTransientConnectionException: HikariPool-1 - Connection is not available, request timed out after 30450ms.
	at org.springframework.jdbc.datasource.DataSourceUtils.getConnection(DataSourceUtils.java:81)
	at org.mybatis.spring.transaction.SpringManagedTransaction.openConnection(SpringManagedTransaction.java:82)
	at org.mybatis.spring.transaction.SpringManagedTransaction.getConnection(SpringManagedTransaction.java:68)
	at org.apache.ibatis.executor.BaseExecutor.getConnection(BaseExecutor.java:338)
	at org.apache.ibatis.executor.SimpleExecutor.prepareStatement(SimpleExecutor.java:84)
	at org.apache.ibatis.executor.SimpleExecutor.doQuery(SimpleExecutor.java:62)
	at org.apache.ibatis.executor.BaseExecutor.queryFromDatabase(BaseExecutor.java:326)
	at org.apache.ibatis.executor.BaseExecutor.query(BaseExecutor.java:156)
	at org.apache.ibatis.executor.CachingExecutor.query(CachingExecutor.java:109)
	at org.apache.ibatis.executor.CachingExecutor.query(CachingExecutor.java:83)
	at org.apache.ibatis.session.defaults.DefaultSqlSession.selectList(DefaultSqlSession.java:148)
	... 91 common frames omitted
Caused by: java.sql.SQLTransientConnectionException: HikariPool-1 - Connection is not available, request timed out after 30450ms.
	at com.zaxxer.hikari.pool.HikariPool.createTimeoutException(HikariPool.java:676)
	at com.zaxxer.hikari.pool.HikariPool.getConnection(HikariPool.java:190)
	at com.zaxxer.hikari.pool.HikariPool.getConnection(HikariPool.java:155)
	at com.zaxxer.hikari.HikariDataSource.getConnection(HikariDataSource.java:128)
	at org.springframework.jdbc.datasource.DataSourceUtils.fetchConnection(DataSourceUtils.java:151)
	at org.springframework.jdbc.datasource.DataSourceUtils.doGetConnection(DataSourceUtils.java:115)
	at org.springframework.jdbc.datasource.DataSourceUtils.getConnection(DataSourceUtils.java:78)
	... 101 common frames omitted
Caused by: java.sql.SQLNonTransientConnectionException: No operations allowed after connection closed.
	at com.mysql.cj.jdbc.exceptions.SQLError.createSQLException(SQLError.java:110)
	at com.mysql.cj.jdbc.exceptions.SQLError.createSQLException(SQLError.java:97)
	at com.mysql.cj.jdbc.exceptions.SQLError.createSQLException(SQLError.java:89)
	at com.mysql.cj.jdbc.exceptions.SQLError.createSQLException(SQLError.java:63)
	at com.mysql.cj.jdbc.exceptions.SQLError.createSQLException(SQLError.java:73)
	at com.mysql.cj.jdbc.exceptions.SQLExceptionsMapping.translateException(SQLExceptionsMapping.java:73)
	at com.mysql.cj.jdbc.ConnectionImpl.setNetworkTimeout(ConnectionImpl.java:2508)
	at com.zaxxer.hikari.pool.PoolBase.setNetworkTimeout(PoolBase.java:550)
	at com.zaxxer.hikari.pool.PoolBase.isConnectionAlive(PoolBase.java:165)
	at com.zaxxer.hikari.pool.HikariPool.getConnection(HikariPool.java:179)
	... 106 common frames omitted
Caused by: com.mysql.cj.exceptions.ConnectionIsClosedException: No operations allowed after connection closed.
	at sun.reflect.NativeConstructorAccessorImpl.newInstance0(Native Method)
	at sun.reflect.NativeConstructorAccessorImpl.newInstance(NativeConstructorAccessorImpl.java:62)
	at sun.reflect.DelegatingConstructorAccessorImpl.newInstance(DelegatingConstructorAccessorImpl.java:45)
	at java.lang.reflect.Constructor.newInstance(Constructor.java:423)
	at com.mysql.cj.exceptions.ExceptionFactory.createException(ExceptionFactory.java:61)
	at com.mysql.cj.exceptions.ExceptionFactory.createException(ExceptionFactory.java:105)
	at com.mysql.cj.exceptions.ExceptionFactory.createException(ExceptionFactory.java:151)
	at com.mysql.cj.NativeSession.checkClosed(NativeSession.java:1259)
	at com.mysql.cj.jdbc.ConnectionImpl.checkClosed(ConnectionImpl.java:575)
	at com.mysql.cj.jdbc.ConnectionImpl.setNetworkTimeout(ConnectionImpl.java:2504)
	... 109 common frames omitted
2020-04-09 21:35:57.205 WARN  --- [PoolBase.java:176][http-nio-8080-exec-2] - HikariPool-1 - Failed to validate connection com.mysql.cj.jdbc.ConnectionImpl@1cdc9570 (No operations allowed after connection closed.). Possibly consider using a shorter maxLifetime value.
