2020-02-20 15:00:21.388 INFO  --- [StartupInfoLogger.java:50][restartedMain] - Starting MyApplication on Admin-PC with PID 7068 (started by Admin in D:\毕业设计文献\毕业设计代码\SpringBoot-Shiro-Vue-master\back)
2020-02-20 15:00:21.398 INFO  --- [SpringApplication.java:675][restartedMain] - No active profile set, falling back to default profiles: default
2020-02-20 15:00:28.109 INFO  --- [StartupInfoLogger.java:59][restartedMain] - Started MyApplication in 7.699 seconds (JVM running for 10.263)
2020-02-20 15:14:44.368 INFO  --- [StartupInfoLogger.java:50][restartedMain] - Starting MyApplication on Admin-PC with PID 9724 (started by Admin in D:\毕业设计文献\毕业设计代码\SpringBoot-Shiro-Vue-master\back)
2020-02-20 15:14:44.376 INFO  --- [SpringApplication.java:675][restartedMain] - No active profile set, falling back to default profiles: default
2020-02-20 15:14:49.533 INFO  --- [StartupInfoLogger.java:59][restartedMain] - Started MyApplication in 5.749 seconds (JVM running for 8.755)
2020-02-20 15:20:57.974 INFO  --- [StartupInfoLogger.java:50][restartedMain] - Starting MyApplication on Admin-PC with PID 10920 (started by Admin in D:\毕业设计文献\毕业设计代码\SpringBoot-Shiro-Vue-master\back)
2020-02-20 15:20:57.982 INFO  --- [SpringApplication.java:675][restartedMain] - No active profile set, falling back to default profiles: default
2020-02-20 15:21:05.105 INFO  --- [StartupInfoLogger.java:59][restartedMain] - Started MyApplication in 7.908 seconds (JVM running for 10.572)
2020-02-20 15:21:58.132 INFO  --- [HikariDataSource.java:110][http-nio-8088-exec-1] - HikariPool-1 - Starting...
2020-02-20 15:21:58.360 INFO  --- [HikariDataSource.java:123][http-nio-8088-exec-1] - HikariPool-1 - Start completed.
2020-02-20 15:21:58.371 DEBUG --- [BaseJdbcLogger.java:159][http-nio-8088-exec-1] - ==>  Preparing: SELECT u.id userId, u.username username, u.password password, u.nickname nickName FROM sys_user u WHERE u.username = ? AND u.password = ? AND u.edit_flag = '1' 
2020-02-20 15:21:58.411 DEBUG --- [BaseJdbcLogger.java:159][http-nio-8088-exec-1] - ==> Parameters: admin(String), 123456(String)
2020-02-20 15:21:58.467 DEBUG --- [BaseJdbcLogger.java:159][http-nio-8088-exec-1] - <==      Total: 1
2020-02-20 15:21:58.665 DEBUG --- [BaseJdbcLogger.java:159][http-nio-8088-exec-3] - ==>  Preparing: SELECT u.id userId, u.nickname nickname, u.role_id roleId, r.role_name roleName, p.menu_code menuCode, p.permission_code permissionCode FROM sys_user u LEFT JOIN sys_role r ON r.id = u.role_id LEFT JOIN sys_role_permission rp ON u.role_id = rp.role_id LEFT JOIN sys_permission p ON rp.permission_id = p.id AND rp.edit_flag = '1' WHERE u.username = ? AND u.edit_flag = '1' 
2020-02-20 15:21:58.667 DEBUG --- [BaseJdbcLogger.java:159][http-nio-8088-exec-3] - ==> Parameters: admin(String)
2020-02-20 15:21:58.692 DEBUG --- [BaseJdbcLogger.java:159][http-nio-8088-exec-3] - <==      Total: 1
2020-02-20 15:21:58.729 DEBUG --- [BaseJdbcLogger.java:159][http-nio-8088-exec-3] - ==>  Preparing: SELECT p.menu_code menuCode FROM sys_permission p ORDER BY p.id 
2020-02-20 15:21:58.730 DEBUG --- [BaseJdbcLogger.java:159][http-nio-8088-exec-3] - ==> Parameters: 
2020-02-20 15:21:58.733 DEBUG --- [BaseJdbcLogger.java:159][http-nio-8088-exec-3] - <==      Total: 10
2020-02-20 15:21:58.735 DEBUG --- [BaseJdbcLogger.java:159][http-nio-8088-exec-3] - ==>  Preparing: SELECT p.permission_code permissionCode FROM sys_permission p ORDER BY p.id 
2020-02-20 15:21:58.736 DEBUG --- [BaseJdbcLogger.java:159][http-nio-8088-exec-3] - ==> Parameters: 
2020-02-20 15:21:58.739 DEBUG --- [BaseJdbcLogger.java:159][http-nio-8088-exec-3] - <==      Total: 10
2020-02-20 15:24:28.788 INFO  --- [UserRealm.java:36][http-nio-8088-exec-2] - permission的值为:{"menuList":["role","user","article"],"roleId":1,"nickname":"超级用户23","roleName":"管理员","permissionList":["article:list","user:list","user:add","role:update","article:add","role:list","article:update","user:update","role:delete","role:add"],"userId":10003}
2020-02-20 15:24:28.789 INFO  --- [UserRealm.java:37][http-nio-8088-exec-2] - 本用户权限为:[article:list, user:list, user:add, role:update, article:add, role:list, article:update, user:update, role:delete, role:add]
2020-02-20 15:24:32.215 DEBUG --- [BaseJdbcLogger.java:159][http-nio-8088-exec-2] - ==>  Preparing: SELECT count(0) FROM article w WHERE w.edit_flag = '1' 
2020-02-20 15:24:32.217 DEBUG --- [BaseJdbcLogger.java:159][http-nio-8088-exec-2] - ==> Parameters: 
2020-02-20 15:24:32.233 DEBUG --- [BaseJdbcLogger.java:159][http-nio-8088-exec-2] - <==      Total: 1
2020-02-20 15:24:35.407 ERROR --- [GlobalExceptionHandler.java:43][http-nio-8088-exec-2] - 异常
org.apache.ibatis.binding.BindingException: Invalid bound statement (not found): com.heeexy.example.dao.ArticleDao.selectList
	at org.apache.ibatis.binding.MapperMethod$SqlCommand.<init>(MapperMethod.java:227)
	at org.apache.ibatis.binding.MapperMethod.<init>(MapperMethod.java:49)
	at org.apache.ibatis.binding.MapperProxy.cachedMapperMethod(MapperProxy.java:65)
	at org.apache.ibatis.binding.MapperProxy.invoke(MapperProxy.java:58)
	at com.sun.proxy.$Proxy73.selectList(Unknown Source)
	at sun.reflect.NativeMethodAccessorImpl.invoke0(Native Method)
	at sun.reflect.NativeMethodAccessorImpl.invoke(NativeMethodAccessorImpl.java:62)
	at sun.reflect.DelegatingMethodAccessorImpl.invoke(DelegatingMethodAccessorImpl.java:43)
	at java.lang.reflect.Method.invoke(Method.java:498)
	at org.springframework.aop.support.AopUtils.invokeJoinpointUsingReflection(AopUtils.java:343)
	at org.springframework.aop.framework.ReflectiveMethodInvocation.invokeJoinpoint(ReflectiveMethodInvocation.java:198)
	at org.springframework.aop.framework.ReflectiveMethodInvocation.proceed(ReflectiveMethodInvocation.java:163)
	at org.springframework.dao.support.PersistenceExceptionTranslationInterceptor.invoke(PersistenceExceptionTranslationInterceptor.java:139)
	at org.springframework.aop.framework.ReflectiveMethodInvocation.proceed(ReflectiveMethodInvocation.java:186)
	at org.springframework.aop.framework.JdkDynamicAopProxy.invoke(JdkDynamicAopProxy.java:212)
	at com.sun.proxy.$Proxy75.selectList(Unknown Source)
	at com.heeexy.example.service.impl.ArticleServiceImpl.listArticle(ArticleServiceImpl.java:47)
	at com.heeexy.example.service.impl.ArticleServiceImpl$$FastClassBySpringCGLIB$$7b6e19cd.invoke(<generated>)
	at org.springframework.cglib.proxy.MethodProxy.invoke(MethodProxy.java:218)
	at org.springframework.aop.framework.CglibAopProxy$DynamicAdvisedInterceptor.intercept(CglibAopProxy.java:684)
	at com.heeexy.example.service.impl.ArticleServiceImpl$$EnhancerBySpringCGLIB$$ff9a979f.listArticle(<generated>)
	at com.heeexy.example.service.impl.ArticleServiceImpl$$FastClassBySpringCGLIB$$7b6e19cd.invoke(<generated>)
	at org.springframework.cglib.proxy.MethodProxy.invoke(MethodProxy.java:218)
	at org.springframework.aop.framework.CglibAopProxy$DynamicAdvisedInterceptor.intercept(CglibAopProxy.java:684)
	at com.heeexy.example.service.impl.ArticleServiceImpl$$EnhancerBySpringCGLIB$$47c6a4bb.listArticle(<generated>)
	at com.heeexy.example.controller.ArticleController.listArticle(ArticleController.java:36)
	at com.heeexy.example.controller.ArticleController$$FastClassBySpringCGLIB$$d2df6a27.invoke(<generated>)
	at org.springframework.cglib.proxy.MethodProxy.invoke(MethodProxy.java:218)
	at org.springframework.aop.framework.CglibAopProxy$CglibMethodInvocation.invokeJoinpoint(CglibAopProxy.java:746)
	at org.springframework.aop.framework.ReflectiveMethodInvocation.proceed(ReflectiveMethodInvocation.java:163)
	at org.apache.shiro.spring.security.interceptor.AopAllianceAnnotationsAuthorizingMethodInterceptor$1.proceed(AopAllianceAnnotationsAuthorizingMethodInterceptor.java:82)
	at org.apache.shiro.authz.aop.AuthorizingMethodInterceptor.invoke(AuthorizingMethodInterceptor.java:39)
	at org.apache.shiro.spring.security.interceptor.AopAllianceAnnotationsAuthorizingMethodInterceptor.invoke(AopAllianceAnnotationsAuthorizingMethodInterceptor.java:115)
	at org.springframework.aop.framework.ReflectiveMethodInvocation.proceed(ReflectiveMethodInvocation.java:186)
	at org.springframework.aop.framework.CglibAopProxy$DynamicAdvisedInterceptor.intercept(CglibAopProxy.java:688)
	at com.heeexy.example.controller.ArticleController$$EnhancerBySpringCGLIB$$772966ce.listArticle(<generated>)
	at sun.reflect.NativeMethodAccessorImpl.invoke0(Native Method)
	at sun.reflect.NativeMethodAccessorImpl.invoke(NativeMethodAccessorImpl.java:62)
	at sun.reflect.DelegatingMethodAccessorImpl.invoke(DelegatingMethodAccessorImpl.java:43)
	at java.lang.reflect.Method.invoke(Method.java:498)
	at org.springframework.web.method.support.InvocableHandlerMethod.doInvoke(InvocableHandlerMethod.java:215)
	at org.springframework.web.method.support.InvocableHandlerMethod.invokeForRequest(InvocableHandlerMethod.java:142)
	at org.springframework.web.servlet.mvc.method.annotation.ServletInvocableHandlerMethod.invokeAndHandle(ServletInvocableHandlerMethod.java:102)
	at org.springframework.web.servlet.mvc.method.annotation.RequestMappingHandlerAdapter.invokeHandlerMethod(RequestMappingHandlerAdapter.java:895)
	at org.springframework.web.servlet.mvc.method.annotation.RequestMappingHandlerAdapter.handleInternal(RequestMappingHandlerAdapter.java:800)
	at org.springframework.web.servlet.mvc.method.AbstractHandlerMethodAdapter.handle(AbstractHandlerMethodAdapter.java:87)
	at org.springframework.web.servlet.DispatcherServlet.doDispatch(DispatcherServlet.java:1038)
	at org.springframework.web.servlet.DispatcherServlet.doService(DispatcherServlet.java:942)
	at org.springframework.web.servlet.FrameworkServlet.processRequest(FrameworkServlet.java:998)
	at org.springframework.web.servlet.FrameworkServlet.doGet(FrameworkServlet.java:890)
	at javax.servlet.http.HttpServlet.service(HttpServlet.java:634)
	at org.springframework.web.servlet.FrameworkServlet.service(FrameworkServlet.java:875)
	at javax.servlet.http.HttpServlet.service(HttpServlet.java:741)
	at org.apache.catalina.core.ApplicationFilterChain.internalDoFilter(ApplicationFilterChain.java:231)
	at org.apache.catalina.core.ApplicationFilterChain.doFilter(ApplicationFilterChain.java:166)
	at org.apache.tomcat.websocket.server.WsFilter.doFilter(WsFilter.java:53)
	at org.apache.catalina.core.ApplicationFilterChain.internalDoFilter(ApplicationFilterChain.java:193)
	at org.apache.catalina.core.ApplicationFilterChain.doFilter(ApplicationFilterChain.java:166)
	at org.apache.shiro.web.servlet.ProxiedFilterChain.doFilter(ProxiedFilterChain.java:61)
	at org.apache.shiro.web.servlet.AdviceFilter.executeChain(AdviceFilter.java:108)
	at org.apache.shiro.web.servlet.AdviceFilter.doFilterInternal(AdviceFilter.java:137)
	at org.apache.shiro.web.servlet.OncePerRequestFilter.doFilter(OncePerRequestFilter.java:125)
	at org.apache.shiro.web.servlet.ProxiedFilterChain.doFilter(ProxiedFilterChain.java:66)
	at org.apache.shiro.web.servlet.AbstractShiroFilter.executeChain(AbstractShiroFilter.java:449)
	at org.apache.shiro.web.servlet.AbstractShiroFilter$1.call(AbstractShiroFilter.java:365)
	at org.apache.shiro.subject.support.SubjectCallable.doCall(SubjectCallable.java:90)
	at org.apache.shiro.subject.support.SubjectCallable.call(SubjectCallable.java:83)
	at org.apache.shiro.subject.support.DelegatingSubject.execute(DelegatingSubject.java:387)
	at org.apache.shiro.web.servlet.AbstractShiroFilter.doFilterInternal(AbstractShiroFilter.java:362)
	at org.apache.shiro.web.servlet.OncePerRequestFilter.doFilter(OncePerRequestFilter.java:125)
	at org.apache.catalina.core.ApplicationFilterChain.internalDoFilter(ApplicationFilterChain.java:193)
	at org.apache.catalina.core.ApplicationFilterChain.doFilter(ApplicationFilterChain.java:166)
	at org.springframework.web.filter.RequestContextFilter.doFilterInternal(RequestContextFilter.java:99)
	at org.springframework.web.filter.OncePerRequestFilter.doFilter(OncePerRequestFilter.java:107)
	at org.apache.catalina.core.ApplicationFilterChain.internalDoFilter(ApplicationFilterChain.java:193)
	at org.apache.catalina.core.ApplicationFilterChain.doFilter(ApplicationFilterChain.java:166)
	at org.springframework.web.filter.FormContentFilter.doFilterInternal(FormContentFilter.java:92)
	at org.springframework.web.filter.OncePerRequestFilter.doFilter(OncePerRequestFilter.java:107)
	at org.apache.catalina.core.ApplicationFilterChain.internalDoFilter(ApplicationFilterChain.java:193)
	at org.apache.catalina.core.ApplicationFilterChain.doFilter(ApplicationFilterChain.java:166)
	at org.springframework.web.filter.HiddenHttpMethodFilter.doFilterInternal(HiddenHttpMethodFilter.java:93)
	at org.springframework.web.filter.OncePerRequestFilter.doFilter(OncePerRequestFilter.java:107)
	at org.apache.catalina.core.ApplicationFilterChain.internalDoFilter(ApplicationFilterChain.java:193)
	at org.apache.catalina.core.ApplicationFilterChain.doFilter(ApplicationFilterChain.java:166)
	at org.springframework.web.filter.CharacterEncodingFilter.doFilterInternal(CharacterEncodingFilter.java:200)
	at org.springframework.web.filter.OncePerRequestFilter.doFilter(OncePerRequestFilter.java:107)
	at org.apache.catalina.core.ApplicationFilterChain.internalDoFilter(ApplicationFilterChain.java:193)
	at org.apache.catalina.core.ApplicationFilterChain.doFilter(ApplicationFilterChain.java:166)
	at org.apache.catalina.core.StandardWrapperValve.invoke(StandardWrapperValve.java:199)
	at org.apache.catalina.core.StandardContextValve.invoke(StandardContextValve.java:96)
	at org.apache.catalina.authenticator.AuthenticatorBase.invoke(AuthenticatorBase.java:490)
	at org.apache.catalina.core.StandardHostValve.invoke(StandardHostValve.java:139)
	at org.apache.catalina.valves.ErrorReportValve.invoke(ErrorReportValve.java:92)
	at org.apache.catalina.core.StandardEngineValve.invoke(StandardEngineValve.java:74)
	at org.apache.catalina.connector.CoyoteAdapter.service(CoyoteAdapter.java:343)
	at org.apache.coyote.http11.Http11Processor.service(Http11Processor.java:408)
	at org.apache.coyote.AbstractProcessorLight.process(AbstractProcessorLight.java:66)
	at org.apache.coyote.AbstractProtocol$ConnectionHandler.process(AbstractProtocol.java:770)
	at org.apache.tomcat.util.net.NioEndpoint$SocketProcessor.doRun(NioEndpoint.java:1415)
	at org.apache.tomcat.util.net.SocketProcessorBase.run(SocketProcessorBase.java:49)
	at java.util.concurrent.ThreadPoolExecutor.runWorker(ThreadPoolExecutor.java:1142)
	at java.util.concurrent.ThreadPoolExecutor$Worker.run(ThreadPoolExecutor.java:617)
	at org.apache.tomcat.util.threads.TaskThread$WrappingRunnable.run(TaskThread.java:61)
	at java.lang.Thread.run(Thread.java:745)
2020-02-20 15:24:35.409 WARN  --- [AbstractHandlerExceptionResolver.java:194][http-nio-8088-exec-2] - Resolved [org.apache.ibatis.binding.BindingException: Invalid bound statement (not found): com.heeexy.example.dao.ArticleDao.selectList]
2020-02-20 15:26:38.616 INFO  --- [StartupInfoLogger.java:50][restartedMain] - Starting MyApplication on Admin-PC with PID 11788 (started by Admin in D:\毕业设计文献\毕业设计代码\SpringBoot-Shiro-Vue-master\back)
2020-02-20 15:26:38.623 INFO  --- [SpringApplication.java:675][restartedMain] - No active profile set, falling back to default profiles: default
2020-02-20 15:26:46.096 INFO  --- [StartupInfoLogger.java:59][restartedMain] - Started MyApplication in 8.822 seconds (JVM running for 11.031)
2020-02-20 15:27:00.505 INFO  --- [HikariDataSource.java:110][http-nio-8088-exec-2] - HikariPool-1 - Starting...
2020-02-20 15:27:00.670 INFO  --- [HikariDataSource.java:123][http-nio-8088-exec-2] - HikariPool-1 - Start completed.
2020-02-20 15:27:00.678 DEBUG --- [BaseJdbcLogger.java:159][http-nio-8088-exec-2] - ==>  Preparing: SELECT u.id userId, u.username username, u.password password, u.nickname nickName FROM sys_user u WHERE u.username = ? AND u.password = ? AND u.edit_flag = '1' 
2020-02-20 15:27:00.711 DEBUG --- [BaseJdbcLogger.java:159][http-nio-8088-exec-2] - ==> Parameters: admin(String), 123456(String)
2020-02-20 15:27:00.746 DEBUG --- [BaseJdbcLogger.java:159][http-nio-8088-exec-2] - <==      Total: 1
2020-02-20 15:27:00.850 DEBUG --- [BaseJdbcLogger.java:159][http-nio-8088-exec-3] - ==>  Preparing: SELECT u.id userId, u.nickname nickname, u.role_id roleId, r.role_name roleName, p.menu_code menuCode, p.permission_code permissionCode FROM sys_user u LEFT JOIN sys_role r ON r.id = u.role_id LEFT JOIN sys_role_permission rp ON u.role_id = rp.role_id LEFT JOIN sys_permission p ON rp.permission_id = p.id AND rp.edit_flag = '1' WHERE u.username = ? AND u.edit_flag = '1' 
2020-02-20 15:27:00.851 DEBUG --- [BaseJdbcLogger.java:159][http-nio-8088-exec-3] - ==> Parameters: admin(String)
2020-02-20 15:27:00.861 DEBUG --- [BaseJdbcLogger.java:159][http-nio-8088-exec-3] - <==      Total: 1
2020-02-20 15:27:00.887 DEBUG --- [BaseJdbcLogger.java:159][http-nio-8088-exec-3] - ==>  Preparing: SELECT p.menu_code menuCode FROM sys_permission p ORDER BY p.id 
2020-02-20 15:27:00.887 DEBUG --- [BaseJdbcLogger.java:159][http-nio-8088-exec-3] - ==> Parameters: 
2020-02-20 15:27:00.890 DEBUG --- [BaseJdbcLogger.java:159][http-nio-8088-exec-3] - <==      Total: 10
2020-02-20 15:27:00.892 DEBUG --- [BaseJdbcLogger.java:159][http-nio-8088-exec-3] - ==>  Preparing: SELECT p.permission_code permissionCode FROM sys_permission p ORDER BY p.id 
2020-02-20 15:27:00.893 DEBUG --- [BaseJdbcLogger.java:159][http-nio-8088-exec-3] - ==> Parameters: 
2020-02-20 15:27:00.896 DEBUG --- [BaseJdbcLogger.java:159][http-nio-8088-exec-3] - <==      Total: 10
2020-02-20 15:27:03.237 INFO  --- [UserRealm.java:36][http-nio-8088-exec-5] - permission的值为:{"menuList":["role","user","article"],"roleId":1,"nickname":"超级用户23","roleName":"管理员","permissionList":["article:list","user:list","user:add","role:update","article:add","role:list","article:update","user:update","role:delete","role:add"],"userId":10003}
2020-02-20 15:27:03.238 INFO  --- [UserRealm.java:37][http-nio-8088-exec-5] - 本用户权限为:[article:list, user:list, user:add, role:update, article:add, role:list, article:update, user:update, role:delete, role:add]
2020-02-20 15:27:05.776 DEBUG --- [BaseJdbcLogger.java:159][http-nio-8088-exec-5] - ==>  Preparing: SELECT count(0) FROM article w WHERE w.edit_flag = '1' 
2020-02-20 15:27:05.778 DEBUG --- [BaseJdbcLogger.java:159][http-nio-8088-exec-5] - ==> Parameters: 
2020-02-20 15:27:05.782 DEBUG --- [BaseJdbcLogger.java:159][http-nio-8088-exec-5] - <==      Total: 1
2020-02-20 15:27:08.294 ERROR --- [GlobalExceptionHandler.java:43][http-nio-8088-exec-5] - 异常
org.apache.ibatis.binding.BindingException: Invalid bound statement (not found): com.heeexy.example.dao.ArticleDao.selectList
	at org.apache.ibatis.binding.MapperMethod$SqlCommand.<init>(MapperMethod.java:227)
	at org.apache.ibatis.binding.MapperMethod.<init>(MapperMethod.java:49)
	at org.apache.ibatis.binding.MapperProxy.cachedMapperMethod(MapperProxy.java:65)
	at org.apache.ibatis.binding.MapperProxy.invoke(MapperProxy.java:58)
	at com.sun.proxy.$Proxy73.selectList(Unknown Source)
	at sun.reflect.NativeMethodAccessorImpl.invoke0(Native Method)
	at sun.reflect.NativeMethodAccessorImpl.invoke(NativeMethodAccessorImpl.java:62)
	at sun.reflect.DelegatingMethodAccessorImpl.invoke(DelegatingMethodAccessorImpl.java:43)
	at java.lang.reflect.Method.invoke(Method.java:498)
	at org.springframework.aop.support.AopUtils.invokeJoinpointUsingReflection(AopUtils.java:343)
	at org.springframework.aop.framework.ReflectiveMethodInvocation.invokeJoinpoint(ReflectiveMethodInvocation.java:198)
	at org.springframework.aop.framework.ReflectiveMethodInvocation.proceed(ReflectiveMethodInvocation.java:163)
	at org.springframework.dao.support.PersistenceExceptionTranslationInterceptor.invoke(PersistenceExceptionTranslationInterceptor.java:139)
	at org.springframework.aop.framework.ReflectiveMethodInvocation.proceed(ReflectiveMethodInvocation.java:186)
	at org.springframework.aop.framework.JdkDynamicAopProxy.invoke(JdkDynamicAopProxy.java:212)
	at com.sun.proxy.$Proxy75.selectList(Unknown Source)
	at com.heeexy.example.service.impl.ArticleServiceImpl.listArticle(ArticleServiceImpl.java:47)
	at com.heeexy.example.service.impl.ArticleServiceImpl$$FastClassBySpringCGLIB$$7b6e19cd.invoke(<generated>)
	at org.springframework.cglib.proxy.MethodProxy.invoke(MethodProxy.java:218)
	at org.springframework.aop.framework.CglibAopProxy$DynamicAdvisedInterceptor.intercept(CglibAopProxy.java:684)
	at com.heeexy.example.service.impl.ArticleServiceImpl$$EnhancerBySpringCGLIB$$5627d7d.listArticle(<generated>)
	at com.heeexy.example.service.impl.ArticleServiceImpl$$FastClassBySpringCGLIB$$7b6e19cd.invoke(<generated>)
	at org.springframework.cglib.proxy.MethodProxy.invoke(MethodProxy.java:218)
	at org.springframework.aop.framework.CglibAopProxy$DynamicAdvisedInterceptor.intercept(CglibAopProxy.java:684)
	at com.heeexy.example.service.impl.ArticleServiceImpl$$EnhancerBySpringCGLIB$$4d8e8a99.listArticle(<generated>)
	at com.heeexy.example.controller.ArticleController.listArticle(ArticleController.java:36)
	at com.heeexy.example.controller.ArticleController$$FastClassBySpringCGLIB$$d2df6a27.invoke(<generated>)
	at org.springframework.cglib.proxy.MethodProxy.invoke(MethodProxy.java:218)
	at org.springframework.aop.framework.CglibAopProxy$CglibMethodInvocation.invokeJoinpoint(CglibAopProxy.java:746)
	at org.springframework.aop.framework.ReflectiveMethodInvocation.proceed(ReflectiveMethodInvocation.java:163)
	at org.apache.shiro.spring.security.interceptor.AopAllianceAnnotationsAuthorizingMethodInterceptor$1.proceed(AopAllianceAnnotationsAuthorizingMethodInterceptor.java:82)
	at org.apache.shiro.authz.aop.AuthorizingMethodInterceptor.invoke(AuthorizingMethodInterceptor.java:39)
	at org.apache.shiro.spring.security.interceptor.AopAllianceAnnotationsAuthorizingMethodInterceptor.invoke(AopAllianceAnnotationsAuthorizingMethodInterceptor.java:115)
	at org.springframework.aop.framework.ReflectiveMethodInvocation.proceed(ReflectiveMethodInvocation.java:186)
	at org.springframework.aop.framework.CglibAopProxy$DynamicAdvisedInterceptor.intercept(CglibAopProxy.java:688)
	at com.heeexy.example.controller.ArticleController$$EnhancerBySpringCGLIB$$4b5d77d6.listArticle(<generated>)
	at sun.reflect.NativeMethodAccessorImpl.invoke0(Native Method)
	at sun.reflect.NativeMethodAccessorImpl.invoke(NativeMethodAccessorImpl.java:62)
	at sun.reflect.DelegatingMethodAccessorImpl.invoke(DelegatingMethodAccessorImpl.java:43)
	at java.lang.reflect.Method.invoke(Method.java:498)
	at org.springframework.web.method.support.InvocableHandlerMethod.doInvoke(InvocableHandlerMethod.java:215)
	at org.springframework.web.method.support.InvocableHandlerMethod.invokeForRequest(InvocableHandlerMethod.java:142)
	at org.springframework.web.servlet.mvc.method.annotation.ServletInvocableHandlerMethod.invokeAndHandle(ServletInvocableHandlerMethod.java:102)
	at org.springframework.web.servlet.mvc.method.annotation.RequestMappingHandlerAdapter.invokeHandlerMethod(RequestMappingHandlerAdapter.java:895)
	at org.springframework.web.servlet.mvc.method.annotation.RequestMappingHandlerAdapter.handleInternal(RequestMappingHandlerAdapter.java:800)
	at org.springframework.web.servlet.mvc.method.AbstractHandlerMethodAdapter.handle(AbstractHandlerMethodAdapter.java:87)
	at org.springframework.web.servlet.DispatcherServlet.doDispatch(DispatcherServlet.java:1038)
	at org.springframework.web.servlet.DispatcherServlet.doService(DispatcherServlet.java:942)
	at org.springframework.web.servlet.FrameworkServlet.processRequest(FrameworkServlet.java:998)
	at org.springframework.web.servlet.FrameworkServlet.doGet(FrameworkServlet.java:890)
	at javax.servlet.http.HttpServlet.service(HttpServlet.java:634)
	at org.springframework.web.servlet.FrameworkServlet.service(FrameworkServlet.java:875)
	at javax.servlet.http.HttpServlet.service(HttpServlet.java:741)
	at org.apache.catalina.core.ApplicationFilterChain.internalDoFilter(ApplicationFilterChain.java:231)
	at org.apache.catalina.core.ApplicationFilterChain.doFilter(ApplicationFilterChain.java:166)
	at org.apache.tomcat.websocket.server.WsFilter.doFilter(WsFilter.java:53)
	at org.apache.catalina.core.ApplicationFilterChain.internalDoFilter(ApplicationFilterChain.java:193)
	at org.apache.catalina.core.ApplicationFilterChain.doFilter(ApplicationFilterChain.java:166)
	at org.apache.shiro.web.servlet.ProxiedFilterChain.doFilter(ProxiedFilterChain.java:61)
	at org.apache.shiro.web.servlet.AdviceFilter.executeChain(AdviceFilter.java:108)
	at org.apache.shiro.web.servlet.AdviceFilter.doFilterInternal(AdviceFilter.java:137)
	at org.apache.shiro.web.servlet.OncePerRequestFilter.doFilter(OncePerRequestFilter.java:125)
	at org.apache.shiro.web.servlet.ProxiedFilterChain.doFilter(ProxiedFilterChain.java:66)
	at org.apache.shiro.web.servlet.AbstractShiroFilter.executeChain(AbstractShiroFilter.java:449)
	at org.apache.shiro.web.servlet.AbstractShiroFilter$1.call(AbstractShiroFilter.java:365)
	at org.apache.shiro.subject.support.SubjectCallable.doCall(SubjectCallable.java:90)
	at org.apache.shiro.subject.support.SubjectCallable.call(SubjectCallable.java:83)
	at org.apache.shiro.subject.support.DelegatingSubject.execute(DelegatingSubject.java:387)
	at org.apache.shiro.web.servlet.AbstractShiroFilter.doFilterInternal(AbstractShiroFilter.java:362)
	at org.apache.shiro.web.servlet.OncePerRequestFilter.doFilter(OncePerRequestFilter.java:125)
	at org.apache.catalina.core.ApplicationFilterChain.internalDoFilter(ApplicationFilterChain.java:193)
	at org.apache.catalina.core.ApplicationFilterChain.doFilter(ApplicationFilterChain.java:166)
	at org.springframework.web.filter.RequestContextFilter.doFilterInternal(RequestContextFilter.java:99)
	at org.springframework.web.filter.OncePerRequestFilter.doFilter(OncePerRequestFilter.java:107)
	at org.apache.catalina.core.ApplicationFilterChain.internalDoFilter(ApplicationFilterChain.java:193)
	at org.apache.catalina.core.ApplicationFilterChain.doFilter(ApplicationFilterChain.java:166)
	at org.springframework.web.filter.FormContentFilter.doFilterInternal(FormContentFilter.java:92)
	at org.springframework.web.filter.OncePerRequestFilter.doFilter(OncePerRequestFilter.java:107)
	at org.apache.catalina.core.ApplicationFilterChain.internalDoFilter(ApplicationFilterChain.java:193)
	at org.apache.catalina.core.ApplicationFilterChain.doFilter(ApplicationFilterChain.java:166)
	at org.springframework.web.filter.HiddenHttpMethodFilter.doFilterInternal(HiddenHttpMethodFilter.java:93)
	at org.springframework.web.filter.OncePerRequestFilter.doFilter(OncePerRequestFilter.java:107)
	at org.apache.catalina.core.ApplicationFilterChain.internalDoFilter(ApplicationFilterChain.java:193)
	at org.apache.catalina.core.ApplicationFilterChain.doFilter(ApplicationFilterChain.java:166)
	at org.springframework.web.filter.CharacterEncodingFilter.doFilterInternal(CharacterEncodingFilter.java:200)
	at org.springframework.web.filter.OncePerRequestFilter.doFilter(OncePerRequestFilter.java:107)
	at org.apache.catalina.core.ApplicationFilterChain.internalDoFilter(ApplicationFilterChain.java:193)
	at org.apache.catalina.core.ApplicationFilterChain.doFilter(ApplicationFilterChain.java:166)
	at org.apache.catalina.core.StandardWrapperValve.invoke(StandardWrapperValve.java:199)
	at org.apache.catalina.core.StandardContextValve.invoke(StandardContextValve.java:96)
	at org.apache.catalina.authenticator.AuthenticatorBase.invoke(AuthenticatorBase.java:490)
	at org.apache.catalina.core.StandardHostValve.invoke(StandardHostValve.java:139)
	at org.apache.catalina.valves.ErrorReportValve.invoke(ErrorReportValve.java:92)
	at org.apache.catalina.core.StandardEngineValve.invoke(StandardEngineValve.java:74)
	at org.apache.catalina.connector.CoyoteAdapter.service(CoyoteAdapter.java:343)
	at org.apache.coyote.http11.Http11Processor.service(Http11Processor.java:408)
	at org.apache.coyote.AbstractProcessorLight.process(AbstractProcessorLight.java:66)
	at org.apache.coyote.AbstractProtocol$ConnectionHandler.process(AbstractProtocol.java:770)
	at org.apache.tomcat.util.net.NioEndpoint$SocketProcessor.doRun(NioEndpoint.java:1415)
	at org.apache.tomcat.util.net.SocketProcessorBase.run(SocketProcessorBase.java:49)
	at java.util.concurrent.ThreadPoolExecutor.runWorker(ThreadPoolExecutor.java:1142)
	at java.util.concurrent.ThreadPoolExecutor$Worker.run(ThreadPoolExecutor.java:617)
	at org.apache.tomcat.util.threads.TaskThread$WrappingRunnable.run(TaskThread.java:61)
	at java.lang.Thread.run(Thread.java:745)
2020-02-20 15:27:08.297 WARN  --- [AbstractHandlerExceptionResolver.java:194][http-nio-8088-exec-5] - Resolved [org.apache.ibatis.binding.BindingException: Invalid bound statement (not found): com.heeexy.example.dao.ArticleDao.selectList]
2020-02-20 15:43:32.524 INFO  --- [StartupInfoLogger.java:50][restartedMain] - Starting MyApplication on Admin-PC with PID 11828 (started by Admin in D:\毕业设计文献\毕业设计代码\SpringBoot-Shiro-Vue-master\back)
2020-02-20 15:43:32.531 INFO  --- [SpringApplication.java:675][restartedMain] - No active profile set, falling back to default profiles: default
2020-02-20 15:43:37.796 INFO  --- [StartupInfoLogger.java:59][restartedMain] - Started MyApplication in 6.15 seconds (JVM running for 8.37)
2020-02-20 15:43:50.843 INFO  --- [HikariDataSource.java:110][http-nio-8088-exec-2] - HikariPool-1 - Starting...
2020-02-20 15:43:51.088 INFO  --- [HikariDataSource.java:123][http-nio-8088-exec-2] - HikariPool-1 - Start completed.
2020-02-20 15:43:51.100 DEBUG --- [BaseJdbcLogger.java:159][http-nio-8088-exec-2] - ==>  Preparing: SELECT u.id userId, u.username username, u.password password, u.nickname nickName FROM sys_user u WHERE u.username = ? AND u.password = ? AND u.edit_flag = '1' 
2020-02-20 15:43:51.132 DEBUG --- [BaseJdbcLogger.java:159][http-nio-8088-exec-2] - ==> Parameters: admin(String), 123456(String)
2020-02-20 15:43:51.164 DEBUG --- [BaseJdbcLogger.java:159][http-nio-8088-exec-2] - <==      Total: 1
2020-02-20 15:43:51.255 DEBUG --- [BaseJdbcLogger.java:159][http-nio-8088-exec-3] - ==>  Preparing: SELECT u.id userId, u.nickname nickname, u.role_id roleId, r.role_name roleName, p.menu_code menuCode, p.permission_code permissionCode FROM sys_user u LEFT JOIN sys_role r ON r.id = u.role_id LEFT JOIN sys_role_permission rp ON u.role_id = rp.role_id LEFT JOIN sys_permission p ON rp.permission_id = p.id AND rp.edit_flag = '1' WHERE u.username = ? AND u.edit_flag = '1' 
2020-02-20 15:43:51.256 DEBUG --- [BaseJdbcLogger.java:159][http-nio-8088-exec-3] - ==> Parameters: admin(String)
2020-02-20 15:43:51.263 DEBUG --- [BaseJdbcLogger.java:159][http-nio-8088-exec-3] - <==      Total: 1
2020-02-20 15:43:51.285 DEBUG --- [BaseJdbcLogger.java:159][http-nio-8088-exec-3] - ==>  Preparing: SELECT p.menu_code menuCode FROM sys_permission p ORDER BY p.id 
2020-02-20 15:43:51.286 DEBUG --- [BaseJdbcLogger.java:159][http-nio-8088-exec-3] - ==> Parameters: 
2020-02-20 15:43:51.288 DEBUG --- [BaseJdbcLogger.java:159][http-nio-8088-exec-3] - <==      Total: 10
2020-02-20 15:43:51.290 DEBUG --- [BaseJdbcLogger.java:159][http-nio-8088-exec-3] - ==>  Preparing: SELECT p.permission_code permissionCode FROM sys_permission p ORDER BY p.id 
2020-02-20 15:43:51.291 DEBUG --- [BaseJdbcLogger.java:159][http-nio-8088-exec-3] - ==> Parameters: 
2020-02-20 15:43:51.293 DEBUG --- [BaseJdbcLogger.java:159][http-nio-8088-exec-3] - <==      Total: 10
2020-02-20 15:43:53.478 INFO  --- [UserRealm.java:36][http-nio-8088-exec-4] - permission的值为:{"menuList":["role","user","article"],"roleId":1,"nickname":"超级用户23","roleName":"管理员","permissionList":["article:list","user:list","user:add","role:update","article:add","role:list","article:update","user:update","role:delete","role:add"],"userId":10003}
2020-02-20 15:43:53.479 INFO  --- [UserRealm.java:37][http-nio-8088-exec-4] - 本用户权限为:[article:list, user:list, user:add, role:update, article:add, role:list, article:update, user:update, role:delete, role:add]
2020-02-20 15:43:57.062 DEBUG --- [BaseJdbcLogger.java:159][http-nio-8088-exec-4] - ==>  Preparing: SELECT count(0) FROM article w WHERE w.edit_flag = '1' 
2020-02-20 15:43:57.064 DEBUG --- [BaseJdbcLogger.java:159][http-nio-8088-exec-4] - ==> Parameters: 
2020-02-20 15:43:57.068 DEBUG --- [BaseJdbcLogger.java:159][http-nio-8088-exec-4] - <==      Total: 1
2020-02-20 15:43:59.305 ERROR --- [GlobalExceptionHandler.java:43][http-nio-8088-exec-4] - 异常
org.apache.ibatis.binding.BindingException: Invalid bound statement (not found): com.heeexy.example.dao.ArticleDao.selectList
	at org.apache.ibatis.binding.MapperMethod$SqlCommand.<init>(MapperMethod.java:227)
	at org.apache.ibatis.binding.MapperMethod.<init>(MapperMethod.java:49)
	at org.apache.ibatis.binding.MapperProxy.cachedMapperMethod(MapperProxy.java:65)
	at org.apache.ibatis.binding.MapperProxy.invoke(MapperProxy.java:58)
	at com.sun.proxy.$Proxy73.selectList(Unknown Source)
	at sun.reflect.NativeMethodAccessorImpl.invoke0(Native Method)
	at sun.reflect.NativeMethodAccessorImpl.invoke(NativeMethodAccessorImpl.java:62)
	at sun.reflect.DelegatingMethodAccessorImpl.invoke(DelegatingMethodAccessorImpl.java:43)
	at java.lang.reflect.Method.invoke(Method.java:498)
	at org.springframework.aop.support.AopUtils.invokeJoinpointUsingReflection(AopUtils.java:343)
	at org.springframework.aop.framework.ReflectiveMethodInvocation.invokeJoinpoint(ReflectiveMethodInvocation.java:198)
	at org.springframework.aop.framework.ReflectiveMethodInvocation.proceed(ReflectiveMethodInvocation.java:163)
	at org.springframework.dao.support.PersistenceExceptionTranslationInterceptor.invoke(PersistenceExceptionTranslationInterceptor.java:139)
	at org.springframework.aop.framework.ReflectiveMethodInvocation.proceed(ReflectiveMethodInvocation.java:186)
	at org.springframework.aop.framework.JdkDynamicAopProxy.invoke(JdkDynamicAopProxy.java:212)
	at com.sun.proxy.$Proxy75.selectList(Unknown Source)
	at com.heeexy.example.service.impl.ArticleServiceImpl.listArticle(ArticleServiceImpl.java:47)
	at com.heeexy.example.service.impl.ArticleServiceImpl$$FastClassBySpringCGLIB$$7b6e19cd.invoke(<generated>)
	at org.springframework.cglib.proxy.MethodProxy.invoke(MethodProxy.java:218)
	at org.springframework.aop.framework.CglibAopProxy$DynamicAdvisedInterceptor.intercept(CglibAopProxy.java:684)
	at com.heeexy.example.service.impl.ArticleServiceImpl$$EnhancerBySpringCGLIB$$617cc0d8.listArticle(<generated>)
	at com.heeexy.example.service.impl.ArticleServiceImpl$$FastClassBySpringCGLIB$$7b6e19cd.invoke(<generated>)
	at org.springframework.cglib.proxy.MethodProxy.invoke(MethodProxy.java:218)
	at org.springframework.aop.framework.CglibAopProxy$DynamicAdvisedInterceptor.intercept(CglibAopProxy.java:684)
	at com.heeexy.example.service.impl.ArticleServiceImpl$$EnhancerBySpringCGLIB$$a9a8cdf4.listArticle(<generated>)
	at com.heeexy.example.controller.ArticleController.listArticle(ArticleController.java:36)
	at com.heeexy.example.controller.ArticleController$$FastClassBySpringCGLIB$$d2df6a27.invoke(<generated>)
	at org.springframework.cglib.proxy.MethodProxy.invoke(MethodProxy.java:218)
	at org.springframework.aop.framework.CglibAopProxy$CglibMethodInvocation.invokeJoinpoint(CglibAopProxy.java:746)
	at org.springframework.aop.framework.ReflectiveMethodInvocation.proceed(ReflectiveMethodInvocation.java:163)
	at org.apache.shiro.spring.security.interceptor.AopAllianceAnnotationsAuthorizingMethodInterceptor$1.proceed(AopAllianceAnnotationsAuthorizingMethodInterceptor.java:82)
	at org.apache.shiro.authz.aop.AuthorizingMethodInterceptor.invoke(AuthorizingMethodInterceptor.java:39)
	at org.apache.shiro.spring.security.interceptor.AopAllianceAnnotationsAuthorizingMethodInterceptor.invoke(AopAllianceAnnotationsAuthorizingMethodInterceptor.java:115)
	at org.springframework.aop.framework.ReflectiveMethodInvocation.proceed(ReflectiveMethodInvocation.java:186)
	at org.springframework.aop.framework.CglibAopProxy$DynamicAdvisedInterceptor.intercept(CglibAopProxy.java:688)
	at com.heeexy.example.controller.ArticleController$$EnhancerBySpringCGLIB$$e3c8902b.listArticle(<generated>)
	at sun.reflect.NativeMethodAccessorImpl.invoke0(Native Method)
	at sun.reflect.NativeMethodAccessorImpl.invoke(NativeMethodAccessorImpl.java:62)
	at sun.reflect.DelegatingMethodAccessorImpl.invoke(DelegatingMethodAccessorImpl.java:43)
	at java.lang.reflect.Method.invoke(Method.java:498)
	at org.springframework.web.method.support.InvocableHandlerMethod.doInvoke(InvocableHandlerMethod.java:215)
	at org.springframework.web.method.support.InvocableHandlerMethod.invokeForRequest(InvocableHandlerMethod.java:142)
	at org.springframework.web.servlet.mvc.method.annotation.ServletInvocableHandlerMethod.invokeAndHandle(ServletInvocableHandlerMethod.java:102)
	at org.springframework.web.servlet.mvc.method.annotation.RequestMappingHandlerAdapter.invokeHandlerMethod(RequestMappingHandlerAdapter.java:895)
	at org.springframework.web.servlet.mvc.method.annotation.RequestMappingHandlerAdapter.handleInternal(RequestMappingHandlerAdapter.java:800)
	at org.springframework.web.servlet.mvc.method.AbstractHandlerMethodAdapter.handle(AbstractHandlerMethodAdapter.java:87)
	at org.springframework.web.servlet.DispatcherServlet.doDispatch(DispatcherServlet.java:1038)
	at org.springframework.web.servlet.DispatcherServlet.doService(DispatcherServlet.java:942)
	at org.springframework.web.servlet.FrameworkServlet.processRequest(FrameworkServlet.java:998)
	at org.springframework.web.servlet.FrameworkServlet.doGet(FrameworkServlet.java:890)
	at javax.servlet.http.HttpServlet.service(HttpServlet.java:634)
	at org.springframework.web.servlet.FrameworkServlet.service(FrameworkServlet.java:875)
	at javax.servlet.http.HttpServlet.service(HttpServlet.java:741)
	at org.apache.catalina.core.ApplicationFilterChain.internalDoFilter(ApplicationFilterChain.java:231)
	at org.apache.catalina.core.ApplicationFilterChain.doFilter(ApplicationFilterChain.java:166)
	at org.apache.tomcat.websocket.server.WsFilter.doFilter(WsFilter.java:53)
	at org.apache.catalina.core.ApplicationFilterChain.internalDoFilter(ApplicationFilterChain.java:193)
	at org.apache.catalina.core.ApplicationFilterChain.doFilter(ApplicationFilterChain.java:166)
	at org.apache.shiro.web.servlet.ProxiedFilterChain.doFilter(ProxiedFilterChain.java:61)
	at org.apache.shiro.web.servlet.AdviceFilter.executeChain(AdviceFilter.java:108)
	at org.apache.shiro.web.servlet.AdviceFilter.doFilterInternal(AdviceFilter.java:137)
	at org.apache.shiro.web.servlet.OncePerRequestFilter.doFilter(OncePerRequestFilter.java:125)
	at org.apache.shiro.web.servlet.ProxiedFilterChain.doFilter(ProxiedFilterChain.java:66)
	at org.apache.shiro.web.servlet.AbstractShiroFilter.executeChain(AbstractShiroFilter.java:449)
	at org.apache.shiro.web.servlet.AbstractShiroFilter$1.call(AbstractShiroFilter.java:365)
	at org.apache.shiro.subject.support.SubjectCallable.doCall(SubjectCallable.java:90)
	at org.apache.shiro.subject.support.SubjectCallable.call(SubjectCallable.java:83)
	at org.apache.shiro.subject.support.DelegatingSubject.execute(DelegatingSubject.java:387)
	at org.apache.shiro.web.servlet.AbstractShiroFilter.doFilterInternal(AbstractShiroFilter.java:362)
	at org.apache.shiro.web.servlet.OncePerRequestFilter.doFilter(OncePerRequestFilter.java:125)
	at org.apache.catalina.core.ApplicationFilterChain.internalDoFilter(ApplicationFilterChain.java:193)
	at org.apache.catalina.core.ApplicationFilterChain.doFilter(ApplicationFilterChain.java:166)
	at org.springframework.web.filter.RequestContextFilter.doFilterInternal(RequestContextFilter.java:99)
	at org.springframework.web.filter.OncePerRequestFilter.doFilter(OncePerRequestFilter.java:107)
	at org.apache.catalina.core.ApplicationFilterChain.internalDoFilter(ApplicationFilterChain.java:193)
	at org.apache.catalina.core.ApplicationFilterChain.doFilter(ApplicationFilterChain.java:166)
	at org.springframework.web.filter.FormContentFilter.doFilterInternal(FormContentFilter.java:92)
	at org.springframework.web.filter.OncePerRequestFilter.doFilter(OncePerRequestFilter.java:107)
	at org.apache.catalina.core.ApplicationFilterChain.internalDoFilter(ApplicationFilterChain.java:193)
	at org.apache.catalina.core.ApplicationFilterChain.doFilter(ApplicationFilterChain.java:166)
	at org.springframework.web.filter.HiddenHttpMethodFilter.doFilterInternal(HiddenHttpMethodFilter.java:93)
	at org.springframework.web.filter.OncePerRequestFilter.doFilter(OncePerRequestFilter.java:107)
	at org.apache.catalina.core.ApplicationFilterChain.internalDoFilter(ApplicationFilterChain.java:193)
	at org.apache.catalina.core.ApplicationFilterChain.doFilter(ApplicationFilterChain.java:166)
	at org.springframework.web.filter.CharacterEncodingFilter.doFilterInternal(CharacterEncodingFilter.java:200)
	at org.springframework.web.filter.OncePerRequestFilter.doFilter(OncePerRequestFilter.java:107)
	at org.apache.catalina.core.ApplicationFilterChain.internalDoFilter(ApplicationFilterChain.java:193)
	at org.apache.catalina.core.ApplicationFilterChain.doFilter(ApplicationFilterChain.java:166)
	at org.apache.catalina.core.StandardWrapperValve.invoke(StandardWrapperValve.java:199)
	at org.apache.catalina.core.StandardContextValve.invoke(StandardContextValve.java:96)
	at org.apache.catalina.authenticator.AuthenticatorBase.invoke(AuthenticatorBase.java:490)
	at org.apache.catalina.core.StandardHostValve.invoke(StandardHostValve.java:139)
	at org.apache.catalina.valves.ErrorReportValve.invoke(ErrorReportValve.java:92)
	at org.apache.catalina.core.StandardEngineValve.invoke(StandardEngineValve.java:74)
	at org.apache.catalina.connector.CoyoteAdapter.service(CoyoteAdapter.java:343)
	at org.apache.coyote.http11.Http11Processor.service(Http11Processor.java:408)
	at org.apache.coyote.AbstractProcessorLight.process(AbstractProcessorLight.java:66)
	at org.apache.coyote.AbstractProtocol$ConnectionHandler.process(AbstractProtocol.java:770)
	at org.apache.tomcat.util.net.NioEndpoint$SocketProcessor.doRun(NioEndpoint.java:1415)
	at org.apache.tomcat.util.net.SocketProcessorBase.run(SocketProcessorBase.java:49)
	at java.util.concurrent.ThreadPoolExecutor.runWorker(ThreadPoolExecutor.java:1142)
	at java.util.concurrent.ThreadPoolExecutor$Worker.run(ThreadPoolExecutor.java:617)
	at org.apache.tomcat.util.threads.TaskThread$WrappingRunnable.run(TaskThread.java:61)
	at java.lang.Thread.run(Thread.java:745)
2020-02-20 15:43:59.328 WARN  --- [AbstractHandlerExceptionResolver.java:194][http-nio-8088-exec-4] - Resolved [org.apache.ibatis.binding.BindingException: Invalid bound statement (not found): com.heeexy.example.dao.ArticleDao.selectList]
2020-02-20 16:42:17.628 INFO  --- [StartupInfoLogger.java:50][restartedMain] - Starting MyApplication on Admin-PC with PID 3720 (started by Admin in D:\毕业设计文献\毕业设计代码\SpringBoot-Shiro-Vue-master\back)
2020-02-20 16:42:17.649 INFO  --- [SpringApplication.java:675][restartedMain] - No active profile set, falling back to default profiles: default
2020-02-20 16:42:23.575 INFO  --- [StartupInfoLogger.java:59][restartedMain] - Started MyApplication in 6.998 seconds (JVM running for 9.847)
2020-02-20 20:32:16.658 INFO  --- [StartupInfoLogger.java:50][restartedMain] - Starting MyApplication on Admin-PC with PID 9964 (started by Admin in D:\毕业设计文献\毕业设计代码\SpringBoot-Shiro-Vue-master\back)
2020-02-20 20:32:16.664 INFO  --- [SpringApplication.java:675][restartedMain] - No active profile set, falling back to default profiles: default
2020-02-20 20:32:21.865 INFO  --- [StartupInfoLogger.java:59][restartedMain] - Started MyApplication in 5.801 seconds (JVM running for 8.201)
2020-02-20 20:39:46.196 INFO  --- [HikariDataSource.java:110][http-nio-8088-exec-1] - HikariPool-1 - Starting...
2020-02-20 20:39:46.366 INFO  --- [HikariDataSource.java:123][http-nio-8088-exec-1] - HikariPool-1 - Start completed.
2020-02-20 20:39:46.374 DEBUG --- [BaseJdbcLogger.java:159][http-nio-8088-exec-1] - ==>  Preparing: SELECT u.id userId, u.username username, u.password password, u.nickname nickName FROM sys_user u WHERE u.username = ? AND u.password = ? AND u.edit_flag = '1' 
2020-02-20 20:39:46.407 DEBUG --- [BaseJdbcLogger.java:159][http-nio-8088-exec-1] - ==> Parameters: admin(String), 123456(String)
2020-02-20 20:39:46.447 DEBUG --- [BaseJdbcLogger.java:159][http-nio-8088-exec-1] - <==      Total: 1
2020-02-20 20:39:46.638 DEBUG --- [BaseJdbcLogger.java:159][http-nio-8088-exec-2] - ==>  Preparing: SELECT u.id userId, u.nickname nickname, u.role_id roleId, r.role_name roleName, p.menu_code menuCode, p.permission_code permissionCode FROM sys_user u LEFT JOIN sys_role r ON r.id = u.role_id LEFT JOIN sys_role_permission rp ON u.role_id = rp.role_id LEFT JOIN sys_permission p ON rp.permission_id = p.id AND rp.edit_flag = '1' WHERE u.username = ? AND u.edit_flag = '1' 
2020-02-20 20:39:46.639 DEBUG --- [BaseJdbcLogger.java:159][http-nio-8088-exec-2] - ==> Parameters: admin(String)
2020-02-20 20:39:46.656 DEBUG --- [BaseJdbcLogger.java:159][http-nio-8088-exec-2] - <==      Total: 1
2020-02-20 20:39:46.684 DEBUG --- [BaseJdbcLogger.java:159][http-nio-8088-exec-2] - ==>  Preparing: SELECT p.menu_code menuCode FROM sys_permission p ORDER BY p.id 
2020-02-20 20:39:46.685 DEBUG --- [BaseJdbcLogger.java:159][http-nio-8088-exec-2] - ==> Parameters: 
2020-02-20 20:39:46.687 DEBUG --- [BaseJdbcLogger.java:159][http-nio-8088-exec-2] - <==      Total: 10
2020-02-20 20:39:46.689 DEBUG --- [BaseJdbcLogger.java:159][http-nio-8088-exec-2] - ==>  Preparing: SELECT p.permission_code permissionCode FROM sys_permission p ORDER BY p.id 
2020-02-20 20:39:46.689 DEBUG --- [BaseJdbcLogger.java:159][http-nio-8088-exec-2] - ==> Parameters: 
2020-02-20 20:39:46.692 DEBUG --- [BaseJdbcLogger.java:159][http-nio-8088-exec-2] - <==      Total: 10
2020-02-20 21:18:48.249 DEBUG --- [BaseJdbcLogger.java:159][http-nio-8088-exec-5] - ==>  Preparing: SELECT u.id userId, u.username username, u.password password, u.nickname nickName FROM sys_user u WHERE u.username = ? AND u.password = ? AND u.edit_flag = '1' 
2020-02-20 21:18:48.250 DEBUG --- [BaseJdbcLogger.java:159][http-nio-8088-exec-5] - ==> Parameters: admin(String), 123456(String)
2020-02-20 21:18:48.253 DEBUG --- [BaseJdbcLogger.java:159][http-nio-8088-exec-5] - <==      Total: 1
2020-02-20 21:18:48.282 DEBUG --- [BaseJdbcLogger.java:159][http-nio-8088-exec-6] - ==>  Preparing: SELECT u.id userId, u.nickname nickname, u.role_id roleId, r.role_name roleName, p.menu_code menuCode, p.permission_code permissionCode FROM sys_user u LEFT JOIN sys_role r ON r.id = u.role_id LEFT JOIN sys_role_permission rp ON u.role_id = rp.role_id LEFT JOIN sys_permission p ON rp.permission_id = p.id AND rp.edit_flag = '1' WHERE u.username = ? AND u.edit_flag = '1' 
2020-02-20 21:18:48.283 DEBUG --- [BaseJdbcLogger.java:159][http-nio-8088-exec-6] - ==> Parameters: admin(String)
2020-02-20 21:18:48.290 DEBUG --- [BaseJdbcLogger.java:159][http-nio-8088-exec-6] - <==      Total: 1
2020-02-20 21:18:48.291 DEBUG --- [BaseJdbcLogger.java:159][http-nio-8088-exec-6] - ==>  Preparing: SELECT p.menu_code menuCode FROM sys_permission p ORDER BY p.id 
2020-02-20 21:18:48.291 DEBUG --- [BaseJdbcLogger.java:159][http-nio-8088-exec-6] - ==> Parameters: 
2020-02-20 21:18:48.294 DEBUG --- [BaseJdbcLogger.java:159][http-nio-8088-exec-6] - <==      Total: 10
2020-02-20 21:18:48.295 DEBUG --- [BaseJdbcLogger.java:159][http-nio-8088-exec-6] - ==>  Preparing: SELECT p.permission_code permissionCode FROM sys_permission p ORDER BY p.id 
2020-02-20 21:18:48.296 DEBUG --- [BaseJdbcLogger.java:159][http-nio-8088-exec-6] - ==> Parameters: 
2020-02-20 21:18:48.298 DEBUG --- [BaseJdbcLogger.java:159][http-nio-8088-exec-6] - <==      Total: 10
2020-02-20 21:18:50.932 INFO  --- [UserRealm.java:36][http-nio-8088-exec-7] - permission的值为:{"menuList":["role","user","article"],"roleId":1,"nickname":"超级用户23","roleName":"管理员","permissionList":["article:list","user:list","user:add","role:update","article:add","role:list","article:update","user:update","role:delete","role:add"],"userId":10003}
2020-02-20 21:18:50.934 INFO  --- [UserRealm.java:37][http-nio-8088-exec-7] - 本用户权限为:[article:list, user:list, user:add, role:update, article:add, role:list, article:update, user:update, role:delete, role:add]
2020-02-20 21:18:50.933 INFO  --- [UserRealm.java:36][http-nio-8088-exec-8] - permission的值为:{"menuList":["role","user","article"],"roleId":1,"nickname":"超级用户23","roleName":"管理员","permissionList":["article:list","user:list","user:add","role:update","article:add","role:list","article:update","user:update","role:delete","role:add"],"userId":10003}
2020-02-20 21:18:50.934 INFO  --- [UserRealm.java:37][http-nio-8088-exec-8] - 本用户权限为:[article:list, user:list, user:add, role:update, article:add, role:list, article:update, user:update, role:delete, role:add]
2020-02-20 21:18:50.945 INFO  --- [UserRealm.java:36][http-nio-8088-exec-8] - permission的值为:{"menuList":["role","user","article"],"roleId":1,"nickname":"超级用户23","roleName":"管理员","permissionList":["article:list","user:list","user:add","role:update","article:add","role:list","article:update","user:update","role:delete","role:add"],"userId":10003}
2020-02-20 21:18:50.946 INFO  --- [UserRealm.java:37][http-nio-8088-exec-8] - 本用户权限为:[article:list, user:list, user:add, role:update, article:add, role:list, article:update, user:update, role:delete, role:add]
2020-02-20 21:18:50.957 DEBUG --- [BaseJdbcLogger.java:159][http-nio-8088-exec-7] - ==>  Preparing: SELECT count(0) FROM sys_user u WHERE u.edit_flag = '1' 
2020-02-20 21:18:50.959 DEBUG --- [BaseJdbcLogger.java:159][http-nio-8088-exec-7] - ==> Parameters: 
2020-02-20 21:18:50.960 DEBUG --- [BaseJdbcLogger.java:159][http-nio-8088-exec-8] - ==>  Preparing: SELECT id roleId, role_name roleName FROM sys_role WHERE edit_flag='1' 
2020-02-20 21:18:50.961 DEBUG --- [BaseJdbcLogger.java:159][http-nio-8088-exec-7] - <==      Total: 1
2020-02-20 21:18:50.962 DEBUG --- [BaseJdbcLogger.java:159][http-nio-8088-exec-8] - ==> Parameters: 
2020-02-20 21:18:50.964 DEBUG --- [BaseJdbcLogger.java:159][http-nio-8088-exec-7] - ==>  Preparing: SELECT u.*, r.role_name roleName, CONCAT(p.menu_name, p.permission_name) permissionName FROM ( SELECT id userId, username username, nickname nickname, role_id roleId, edit_flag editFlag, DATE_FORMAT(crt_tm, '%Y.%m.%d %T') crtTm, DATE_FORMAT(upd_tm, '%Y.%m.%d %T') updTm FROM sys_user WHERE edit_flag = '1' ORDER BY id LIMIT ?, ? ) u LEFT JOIN sys_role r ON r.id = u.roleId LEFT JOIN sys_role_permission rp ON rp.role_id = r.id LEFT JOIN sys_permission p ON p.id = rp.permission_id ORDER BY u.userId 
2020-02-20 21:18:50.965 DEBUG --- [BaseJdbcLogger.java:159][http-nio-8088-exec-7] - ==> Parameters: 0(Integer), 50(Integer)
2020-02-20 21:18:50.965 DEBUG --- [BaseJdbcLogger.java:159][http-nio-8088-exec-8] - <==      Total: 3
2020-02-20 21:18:50.973 DEBUG --- [BaseJdbcLogger.java:159][http-nio-8088-exec-7] - <==      Total: 19
